<?xml version="1.0" encoding="UTF-8"?>
<!-- Generated by org.testng.reporters.JUnitReportReporter -->
<testsuite hostname="Khosruz" failures="0" tests="3" name="com.Tests.LoginPageTest" time="59.869" errors="0" timestamp="2023-10-16T12:44:18 EDT" skipped="0">
  <testcase classname="com.Tests.LoginPageTest" name="displayNameTest" time="11.830"/>
  <system-out/>
  <testcase classname="com.Tests.LoginPageTest" name="loginTest" time="16.025"/>
  <system-out/>
  <testcase classname="com.Tests.LoginPageTest" name="pageTitleTest" time="32.014"/>
  <system-out/>
</testsuite> <!-- com.Tests.LoginPageTest -->
