<?xml version="1.0" encoding="UTF-8"?>
<!-- Generated by org.testng.reporters.JUnitReportReporter -->
<testsuite hostname="Khosruz" failures="0" tests="4" name="com.Tests.DeshBoardHomeTest" time="77.326" errors="0" timestamp="2023-10-09T21:54:47 EDT" skipped="0">
  <testcase classname="com.Tests.DeshBoardHomeTest" name="pageTitleTest" time="16.418"/>
  <system-out/>
  <testcase classname="com.Tests.DeshBoardHomeTest" name="salseDataTest" time="19.547"/>
  <system-out/>
  <testcase classname="com.Tests.DeshBoardHomeTest" name="salseDataTest" time="21.305"/>
  <system-out/>
  <testcase classname="com.Tests.DeshBoardHomeTest" name="salseDataTest" time="20.056"/>
  <system-out/>
</testsuite> <!-- com.Tests.DeshBoardHomeTest -->
