<?xml version="1.0" encoding="UTF-8"?>
<!-- Generated by org.testng.reporters.JUnitReportReporter -->
<testsuite hostname="Khosruz" failures="0" tests="5" name="com.Tests.HomePageTest" time="82.003" errors="0" timestamp="2023-10-09T21:54:47 EDT" skipped="0">
  <testcase classname="com.Tests.HomePageTest" name="homeButtonTest" time="16.516"/>
  <system-out/>
  <testcase classname="com.Tests.HomePageTest" name="pageTitleTest" time="16.151"/>
  <system-out/>
  <testcase classname="com.Tests.HomePageTest" name="loginButtonTest" time="16.524"/>
  <system-out/>
  <testcase classname="com.Tests.HomePageTest" name="homePageText" time="16.403"/>
  <system-out/>
  <testcase classname="com.Tests.HomePageTest" name="orderButtonTest" time="16.409"/>
  <system-out/>
</testsuite> <!-- com.Tests.HomePageTest -->
