<?xml version="1.0" encoding="UTF-8"?>
<!-- Generated by org.testng.reporters.JUnitReportReporter -->
<testsuite hostname="Khosruz" failures="0" tests="8" name="com.Tests.DeshBoardOrderTest" time="156.402" errors="0" timestamp="2023-10-09T21:54:47 EDT" skipped="2">
  <testcase classname="com.Tests.DeshBoardOrderTest" name="orderManueTest" time="17.242"/>
  <system-out/>
  <testcase classname="com.Tests.DeshBoardOrderTest" name="legsSelectionTest" time="17.562"/>
  <system-out/>
  <testcase classname="com.Tests.DeshBoardOrderTest" name="shippingAddress" time="41.351">
    <skipped/>
  </testcase> <!-- shippingAddress -->
  <system-out/>
  <testcase classname="com.Tests.DeshBoardOrderTest" name="pageTitleTest" time="17.347"/>
  <system-out/>
  <testcase classname="com.Tests.DeshBoardOrderTest" name="bodySelectionTest" time="18.420"/>
  <system-out/>
  <testcase classname="com.Tests.DeshBoardOrderTest" name="heasdSelectionTest" time="19.820"/>
  <system-out/>
  <testcase classname="com.Tests.DeshBoardOrderTest" name="shippingAddress" time="24.660"/>
  <system-out/>
  <testcase classname="com.Tests.DeshBoardOrderTest" name="displayReceipt">
    <skipped/>
  </testcase> <!-- displayReceipt -->
  <system-out/>
</testsuite> <!-- com.Tests.DeshBoardOrderTest -->
